<?xml version='1.0'?>
<ns2:test-suite xmlns:ns2='urn:model.allure.qatools.yandex.ru' start='1648646009788' stop='1648646018846'>
    <name>eBay search</name>
    <title>eBay search</title>
    <test-cases>
        <test-case start='1648646009788' status='passed' stop='1648646014083'>
            <name>open ebay website main url and verify title to be correct</name>
            <title>open ebay website main url and verify title to be correct</title>
            <labels>
                <label name='language' value='javascript'/>
                <label name='framework' value='wdio'/>
                <label name='thread' value='0-0'/>
            </labels>
            <parameters>
                <parameter kind='argument' name='browser' value='chrome-99.0.4844.84'/>
            </parameters>
            <steps/>
            <attachments/>
        </test-case>
        <test-case start='1648646014084' status='passed' stop='1648646018844'>
            <name>should search for a product and verify the search text value</name>
            <title>should search for a product and verify the search text value</title>
            <labels>
                <label name='language' value='javascript'/>
                <label name='framework' value='wdio'/>
                <label name='thread' value='0-0'/>
            </labels>
            <parameters>
                <parameter kind='argument' name='browser' value='chrome-99.0.4844.84'/>
            </parameters>
            <steps/>
            <attachments/>
        </test-case>
        <test-case start='1648646018844' status='pending' stop='1648646018844'>
            <name>should redirect to a new page and verify the title</name>
            <title>should redirect to a new page and verify the title</title>
            <labels/>
            <parameters/>
            <steps/>
            <attachments/>
            <failure>
                <message>Test ignored</message>
                <stack-trace>undefined</stack-trace>
            </failure>
        </test-case>
        <test-case start='1648646018845' status='pending' stop='1648646018845'>
            <name>should update seach category</name>
            <title>should update seach category</title>
            <labels/>
            <parameters/>
            <steps/>
            <attachments/>
            <failure>
                <message>Test ignored</message>
                <stack-trace>undefined</stack-trace>
            </failure>
        </test-case>
    </test-cases>
</ns2:test-suite>